::1 - - [27/Jun/2022:18:51:50 +0000] "GET /api/v1/book?limit=2 HTTP/1.1" 200 589 "-" "PostmanRuntime/7.29.0"
::1 - - [27/Jun/2022:18:52:31 +0000] "GET /api/v1/book?limit=2 HTTP/1.1" - - "-" "PostmanRuntime/7.29.0"
::1 - - [27/Jun/2022:19:03:31 +0000] "GET /api/v1/book?limit=2 HTTP/1.1" 200 589 "-" "PostmanRuntime/7.29.0"
::1 - - [27/Jun/2022:19:04:00 +0000] "GET /api/v1/book?limit=2 HTTP/1.1" - - "-" "PostmanRuntime/7.29.0"
::1 - - [27/Jun/2022:19:04:03 +0000] "GET /api/v1/api/v1/book/10 HTTP/1.1" 400 1311 "-" "PostmanRuntime/7.29.0"
::1 - - [27/Jun/2022:19:04:06 +0000] "GET /api/v1/api/v1/book/10 HTTP/1.1" 400 1311 "-" "PostmanRuntime/7.29.0"
::1 - - [27/Jun/2022:19:04:26 +0000] "GET /api/v1/book?limit=2 HTTP/1.1" - - "-" "PostmanRuntime/7.29.0"
::1 - - [27/Jun/2022:19:04:44 +0000] "GET /api/v1/book/search/author HTTP/1.1" - - "-" "PostmanRuntime/7.29.0"
::1 - - [27/Jun/2022:19:05:00 +0000] "GET /api/v1/book/search/author HTTP/1.1" - - "-" "PostmanRuntime/7.29.0"
::1 - - [27/Jun/2022:19:05:41 +0000] "GET /api/v1/book/10 HTTP/1.1" 200 399 "-" "PostmanRuntime/7.29.0"
::1 - - [27/Jun/2022:19:29:07 +0000] "GET /api/v1/book/10 HTTP/1.1" 200 399 "-" "PostmanRuntime/7.29.0"
::1 - - [27/Jun/2022:19:29:20 +0000] "GET /api/v1/book/10 HTTP/1.1" - - "-" "PostmanRuntime/7.29.0"
::1 - - [27/Jun/2022:19:39:16 +0000] "GET /api/v1/book/10 HTTP/1.1" 200 399 "-" "PostmanRuntime/7.29.0"
::1 - - [27/Jun/2022:19:39:18 +0000] "GET /api/v1/book/10 HTTP/1.1" 200 399 "-" "PostmanRuntime/7.29.0"
::1 - - [27/Jun/2022:19:39:19 +0000] "GET /api/v1/book/10 HTTP/1.1" 200 399 "-" "PostmanRuntime/7.29.0"
::1 - - [27/Jun/2022:19:39:21 +0000] "GET /api/v1/book/10 HTTP/1.1" 200 399 "-" "PostmanRuntime/7.29.0"
::1 - - [27/Jun/2022:19:39:26 +0000] "GET /api/v1/book/search/category HTTP/1.1" 200 561 "-" "PostmanRuntime/7.29.0"
::1 - - [27/Jun/2022:19:39:27 +0000] "GET /api/v1/book/search/category HTTP/1.1" 200 561 "-" "PostmanRuntime/7.29.0"
::1 - - [27/Jun/2022:19:39:29 +0000] "GET /api/v1/book/search/category HTTP/1.1" 200 561 "-" "PostmanRuntime/7.29.0"
::1 - - [27/Jun/2022:19:39:32 +0000] "GET /api/v1/book/search/author HTTP/1.1" 200 924 "-" "PostmanRuntime/7.29.0"
::1 - - [27/Jun/2022:19:39:33 +0000] "GET /api/v1/book/search/author HTTP/1.1" 200 924 "-" "PostmanRuntime/7.29.0"
::1 - - [27/Jun/2022:19:39:34 +0000] "GET /api/v1/book/search/author HTTP/1.1" 200 924 "-" "PostmanRuntime/7.29.0"
::1 - - [27/Jun/2022:19:39:38 +0000] "GET /api/v1/book/search/title HTTP/1.1" 200 3067 "-" "PostmanRuntime/7.29.0"
::1 - - [27/Jun/2022:19:39:39 +0000] "GET /api/v1/book/search/title HTTP/1.1" 200 3067 "-" "PostmanRuntime/7.29.0"
::1 - - [27/Jun/2022:19:41:22 +0000] "GET /api/v1/book?limit=2 HTTP/1.1" 200 589 "-" "PostmanRuntime/7.29.0"
::1 - - [27/Jun/2022:19:41:23 +0000] "GET /api/v1/book?limit=2 HTTP/1.1" 200 589 "-" "PostmanRuntime/7.29.0"
::1 - - [27/Jun/2022:19:44:45 +0000] "GET /api/v1/book?limit=2 HTTP/1.1" 200 589 "-" "PostmanRuntime/7.29.0"
::1 - - [27/Jun/2022:19:44:54 +0000] "GET /api/v1/book?limit=20 HTTP/1.1" 200 5442 "-" "PostmanRuntime/7.29.0"
::1 - - [27/Jun/2022:19:46:03 +0000] "GET /api/v1/book/search/category HTTP/1.1" 200 561 "-" "PostmanRuntime/7.29.0"
::1 - - [27/Jun/2022:19:47:07 +0000] "GET /api/v1/book/search/category HTTP/1.1" 200 561 "-" "PostmanRuntime/7.29.0"
::1 - - [27/Jun/2022:19:47:10 +0000] "GET /api/v1/book/search/author HTTP/1.1" 200 924 "-" "PostmanRuntime/7.29.0"
::1 - - [27/Jun/2022:19:47:14 +0000] "GET /api/v1/book/search/title HTTP/1.1" 200 3067 "-" "PostmanRuntime/7.29.0"
::1 - - [27/Jun/2022:19:47:25 +0000] "GET /api/v1/book/10 HTTP/1.1" 200 399 "-" "PostmanRuntime/7.29.0"
::1 - - [27/Jun/2022:19:47:50 +0000] "GET /api/v1/category/ HTTP/1.1" 200 2447 "-" "PostmanRuntime/7.29.0"
::1 - - [27/Jun/2022:19:48:08 +0000] "GET /api/v1/category HTTP/1.1" 200 2447 "-" "PostmanRuntime/7.29.0"
::1 - - [27/Jun/2022:19:58:22 +0000] "GET /api/v1/book?limit=20 HTTP/1.1" 401 1320 "-" "PostmanRuntime/7.29.0"
::1 - - [27/Jun/2022:19:59:42 +0000] "POST /api/v1/book HTTP/1.1" 500 1271 "-" "PostmanRuntime/7.29.0"
::1 - - [27/Jun/2022:20:00:11 +0000] "POST /api/v1/auth/register HTTP/1.1" 201 476 "-" "PostmanRuntime/7.29.0"
::1 - - [27/Jun/2022:20:01:00 +0000] "POST /api/v1/book HTTP/1.1" 201 334 "-" "PostmanRuntime/7.29.0"
